args.feature_dim:  251
Dataset Wisconsin: num_nodes=251, feature_dim=1703, num_classes=5
params:  15623269
[split 0] Epoch 010, Loss: 0.7140, Val Acc: 0.7750, Test Acc: 0.7843, Test Pre: 0.7103, Test F1: 0.7383
[split 0] Epoch 020, Loss: 0.5154, Val Acc: 0.8125, Test Acc: 0.8039, Test Pre: 0.7766, Test F1: 0.7852
[split 0] Epoch 030, Loss: 0.4667, Val Acc: 0.8625, Test Acc: 0.8039, Test Pre: 0.7911, Test F1: 0.7851
[split 0] Epoch 040, Loss: 0.4382, Val Acc: 0.8125, Test Acc: 0.8039, Test Pre: 0.7911, Test F1: 0.7851
[split 0] Epoch 050, Loss: 0.4216, Val Acc: 0.8125, Test Acc: 0.8039, Test Pre: 0.7911, Test F1: 0.7851
[split 0] Epoch 060, Loss: 0.4120, Val Acc: 0.8125, Test Acc: 0.8039, Test Pre: 0.7927, Test F1: 0.7834
[split 0] Epoch 070, Loss: 0.4062, Val Acc: 0.7875, Test Acc: 0.8235, Test Pre: 0.8158, Test F1: 0.8029
[split 0] Epoch 080, Loss: 0.4022, Val Acc: 0.7750, Test Acc: 0.8235, Test Pre: 0.8158, Test F1: 0.8029
[split 0] Epoch 090, Loss: 0.3995, Val Acc: 0.7750, Test Acc: 0.8235, Test Pre: 0.8158, Test F1: 0.8029
[split 0] Epoch 100, Loss: 0.3976, Val Acc: 0.7625, Test Acc: 0.8235, Test Pre: 0.8158, Test F1: 0.8029
[split 0] Epoch 110, Loss: 0.3961, Val Acc: 0.7500, Test Acc: 0.8235, Test Pre: 0.8158, Test F1: 0.8029
[split 0] Epoch 120, Loss: 0.3951, Val Acc: 0.7375, Test Acc: 0.8235, Test Pre: 0.8158, Test F1: 0.8029
[split 0] Epoch 130, Loss: 0.3942, Val Acc: 0.7375, Test Acc: 0.8235, Test Pre: 0.8158, Test F1: 0.8029
[split 0] Epoch 140, Loss: 0.3935, Val Acc: 0.7375, Test Acc: 0.8235, Test Pre: 0.8158, Test F1: 0.8029
[split 0] Epoch 150, Loss: 0.3929, Val Acc: 0.7375, Test Acc: 0.8039, Test Pre: 0.7759, Test F1: 0.7798
[split 0] Epoch 160, Loss: 0.3924, Val Acc: 0.7375, Test Acc: 0.8039, Test Pre: 0.7759, Test F1: 0.7798
[split 0] Epoch 170, Loss: 0.3920, Val Acc: 0.7250, Test Acc: 0.8039, Test Pre: 0.7862, Test F1: 0.7820
[split 0] Epoch 180, Loss: 0.3917, Val Acc: 0.7250, Test Acc: 0.8039, Test Pre: 0.8088, Test F1: 0.7805
[split 0] Epoch 190, Loss: 0.3914, Val Acc: 0.7250, Test Acc: 0.8039, Test Pre: 0.8088, Test F1: 0.7805
[split 0] Epoch 200, Loss: 0.3911, Val Acc: 0.7250, Test Acc: 0.8039, Test Pre: 0.8088, Test F1: 0.7805
[split 0] Epoch 210, Loss: 0.3909, Val Acc: 0.7250, Test Acc: 0.8039, Test Pre: 0.8088, Test F1: 0.7805
[split 0] Epoch 220, Loss: 0.3907, Val Acc: 0.7125, Test Acc: 0.7843, Test Pre: 0.7633, Test F1: 0.7615
[split 0] Epoch 230, Loss: 0.3905, Val Acc: 0.7125, Test Acc: 0.7843, Test Pre: 0.7633, Test F1: 0.7615
[split 0] Epoch 240, Loss: 0.3904, Val Acc: 0.7125, Test Acc: 0.7843, Test Pre: 0.7633, Test F1: 0.7615
[split 0] Epoch 250, Loss: 0.3903, Val Acc: 0.7250, Test Acc: 0.7843, Test Pre: 0.7633, Test F1: 0.7615
[split 0] Epoch 260, Loss: 0.3902, Val Acc: 0.7250, Test Acc: 0.7843, Test Pre: 0.7633, Test F1: 0.7615
[split 0] Epoch 270, Loss: 0.3901, Val Acc: 0.7250, Test Acc: 0.7843, Test Pre: 0.7633, Test F1: 0.7615
[split 0] Epoch 280, Loss: 0.3901, Val Acc: 0.7250, Test Acc: 0.7843, Test Pre: 0.7633, Test F1: 0.7615
[split 0] Epoch 290, Loss: 0.3900, Val Acc: 0.7250, Test Acc: 0.7843, Test Pre: 0.7633, Test F1: 0.7615
[split 0] Epoch 300, Loss: 0.3900, Val Acc: 0.7250, Test Acc: 0.7843, Test Pre: 0.7633, Test F1: 0.7615
Best Test Metrics for split 0: {'accuracy': 0.7843137254901961, 'precision': 0.7563567757606506, 'f1': 0.7640817761421204}
params:  15623269
[split 1] Epoch 010, Loss: 0.6745, Val Acc: 0.6625, Test Acc: 0.8627, Test Pre: 0.8076, Test F1: 0.8324
[split 1] Epoch 020, Loss: 0.5024, Val Acc: 0.8125, Test Acc: 0.8627, Test Pre: 0.8499, Test F1: 0.8526
[split 1] Epoch 030, Loss: 0.4480, Val Acc: 0.8000, Test Acc: 0.8627, Test Pre: 0.8499, Test F1: 0.8526
[split 1] Epoch 040, Loss: 0.4222, Val Acc: 0.7875, Test Acc: 0.9020, Test Pre: 0.8856, Test F1: 0.8900
[split 1] Epoch 050, Loss: 0.4096, Val Acc: 0.7750, Test Acc: 0.8431, Test Pre: 0.8078, Test F1: 0.8250
[split 1] Epoch 060, Loss: 0.4040, Val Acc: 0.7750, Test Acc: 0.8431, Test Pre: 0.7961, Test F1: 0.8170
[split 1] Epoch 070, Loss: 0.4005, Val Acc: 0.7625, Test Acc: 0.8431, Test Pre: 0.7961, Test F1: 0.8170
[split 1] Epoch 080, Loss: 0.3984, Val Acc: 0.7625, Test Acc: 0.8431, Test Pre: 0.7961, Test F1: 0.8170
[split 1] Epoch 090, Loss: 0.3969, Val Acc: 0.7625, Test Acc: 0.8431, Test Pre: 0.7961, Test F1: 0.8170
[split 1] Epoch 100, Loss: 0.3958, Val Acc: 0.7625, Test Acc: 0.8431, Test Pre: 0.7974, Test F1: 0.8151
[split 1] Epoch 110, Loss: 0.3948, Val Acc: 0.7625, Test Acc: 0.8431, Test Pre: 0.7974, Test F1: 0.8151
[split 1] Epoch 120, Loss: 0.3941, Val Acc: 0.7625, Test Acc: 0.8431, Test Pre: 0.7974, Test F1: 0.8151
[split 1] Epoch 130, Loss: 0.3934, Val Acc: 0.7625, Test Acc: 0.8431, Test Pre: 0.7974, Test F1: 0.8151
[split 1] Epoch 140, Loss: 0.3929, Val Acc: 0.7625, Test Acc: 0.8235, Test Pre: 0.7824, Test F1: 0.7986
[split 1] Epoch 150, Loss: 0.3924, Val Acc: 0.7500, Test Acc: 0.8235, Test Pre: 0.7824, Test F1: 0.7986
[split 1] Epoch 160, Loss: 0.3920, Val Acc: 0.7500, Test Acc: 0.8235, Test Pre: 0.7824, Test F1: 0.7986
[split 1] Epoch 170, Loss: 0.3916, Val Acc: 0.7500, Test Acc: 0.8431, Test Pre: 0.8209, Test F1: 0.8272
[split 1] Epoch 180, Loss: 0.3913, Val Acc: 0.7500, Test Acc: 0.8235, Test Pre: 0.8097, Test F1: 0.8094
[split 1] Epoch 190, Loss: 0.3910, Val Acc: 0.7500, Test Acc: 0.8235, Test Pre: 0.8182, Test F1: 0.8136
[split 1] Epoch 200, Loss: 0.3908, Val Acc: 0.7500, Test Acc: 0.8235, Test Pre: 0.8182, Test F1: 0.8136
[split 1] Epoch 210, Loss: 0.3906, Val Acc: 0.7250, Test Acc: 0.8235, Test Pre: 0.8300, Test F1: 0.8197
[split 1] Epoch 220, Loss: 0.3905, Val Acc: 0.7250, Test Acc: 0.8235, Test Pre: 0.8300, Test F1: 0.8197
[split 1] Epoch 230, Loss: 0.3903, Val Acc: 0.7250, Test Acc: 0.8235, Test Pre: 0.8300, Test F1: 0.8197
[split 1] Epoch 240, Loss: 0.3902, Val Acc: 0.7250, Test Acc: 0.8235, Test Pre: 0.8300, Test F1: 0.8197
[split 1] Epoch 250, Loss: 0.3901, Val Acc: 0.7250, Test Acc: 0.8235, Test Pre: 0.8300, Test F1: 0.8197
[split 1] Epoch 260, Loss: 0.3900, Val Acc: 0.7250, Test Acc: 0.8235, Test Pre: 0.8300, Test F1: 0.8197
[split 1] Epoch 270, Loss: 0.3900, Val Acc: 0.7250, Test Acc: 0.8235, Test Pre: 0.8300, Test F1: 0.8197
[split 1] Epoch 280, Loss: 0.3899, Val Acc: 0.7250, Test Acc: 0.8235, Test Pre: 0.8300, Test F1: 0.8197
[split 1] Epoch 290, Loss: 0.3899, Val Acc: 0.7125, Test Acc: 0.8235, Test Pre: 0.8300, Test F1: 0.8197
[split 1] Epoch 300, Loss: 0.3898, Val Acc: 0.7125, Test Acc: 0.8235, Test Pre: 0.8300, Test F1: 0.8197
Best Test Metrics for split 1: {'accuracy': 0.8627450980392157, 'precision': 0.8348416686058044, 'f1': 0.8467974066734314}
params:  15623269
[split 2] Epoch 010, Loss: 0.7325, Val Acc: 0.7500, Test Acc: 0.7451, Test Pre: 0.6439, Test F1: 0.6619
[split 2] Epoch 020, Loss: 0.5016, Val Acc: 0.8500, Test Acc: 0.8627, Test Pre: 0.8392, Test F1: 0.8417
[split 2] Epoch 030, Loss: 0.4609, Val Acc: 0.8750, Test Acc: 0.8627, Test Pre: 0.8761, Test F1: 0.8585
[split 2] Epoch 040, Loss: 0.4301, Val Acc: 0.8500, Test Acc: 0.8627, Test Pre: 0.8761, Test F1: 0.8585
[split 2] Epoch 050, Loss: 0.4153, Val Acc: 0.8375, Test Acc: 0.8431, Test Pre: 0.7500, Test F1: 0.7900
[split 2] Epoch 060, Loss: 0.4075, Val Acc: 0.8500, Test Acc: 0.8431, Test Pre: 0.7500, Test F1: 0.7900
[split 2] Epoch 070, Loss: 0.4035, Val Acc: 0.8375, Test Acc: 0.9020, Test Pre: 0.9117, Test F1: 0.8936
[split 2] Epoch 080, Loss: 0.4009, Val Acc: 0.8500, Test Acc: 0.8627, Test Pre: 0.8737, Test F1: 0.8454
[split 2] Epoch 090, Loss: 0.3992, Val Acc: 0.8625, Test Acc: 0.8824, Test Pre: 0.8952, Test F1: 0.8757
[split 2] Epoch 100, Loss: 0.3979, Val Acc: 0.8500, Test Acc: 0.8824, Test Pre: 0.8952, Test F1: 0.8757
[split 2] Epoch 110, Loss: 0.3968, Val Acc: 0.8500, Test Acc: 0.8824, Test Pre: 0.8952, Test F1: 0.8757
[split 2] Epoch 120, Loss: 0.3959, Val Acc: 0.8500, Test Acc: 0.8824, Test Pre: 0.8952, Test F1: 0.8757
[split 2] Epoch 130, Loss: 0.3952, Val Acc: 0.8500, Test Acc: 0.8824, Test Pre: 0.8952, Test F1: 0.8757
[split 2] Epoch 140, Loss: 0.3944, Val Acc: 0.8500, Test Acc: 0.8824, Test Pre: 0.8952, Test F1: 0.8757
[split 2] Epoch 150, Loss: 0.3938, Val Acc: 0.8375, Test Acc: 0.8824, Test Pre: 0.8915, Test F1: 0.8772
[split 2] Epoch 160, Loss: 0.3932, Val Acc: 0.8375, Test Acc: 0.8824, Test Pre: 0.8915, Test F1: 0.8772
[split 2] Epoch 170, Loss: 0.3927, Val Acc: 0.8375, Test Acc: 0.8824, Test Pre: 0.8915, Test F1: 0.8772
[split 2] Epoch 180, Loss: 0.3922, Val Acc: 0.8375, Test Acc: 0.8824, Test Pre: 0.8915, Test F1: 0.8772
[split 2] Epoch 190, Loss: 0.3918, Val Acc: 0.8375, Test Acc: 0.8824, Test Pre: 0.8915, Test F1: 0.8772
[split 2] Epoch 200, Loss: 0.3914, Val Acc: 0.8250, Test Acc: 0.8824, Test Pre: 0.8915, Test F1: 0.8772
[split 2] Epoch 210, Loss: 0.3911, Val Acc: 0.8250, Test Acc: 0.8431, Test Pre: 0.8658, Test F1: 0.8401
[split 2] Epoch 220, Loss: 0.3908, Val Acc: 0.8250, Test Acc: 0.8431, Test Pre: 0.8658, Test F1: 0.8401
[split 2] Epoch 230, Loss: 0.3906, Val Acc: 0.8125, Test Acc: 0.8431, Test Pre: 0.8658, Test F1: 0.8401
[split 2] Epoch 240, Loss: 0.3904, Val Acc: 0.8125, Test Acc: 0.8431, Test Pre: 0.8658, Test F1: 0.8401
[split 2] Epoch 250, Loss: 0.3903, Val Acc: 0.8125, Test Acc: 0.8431, Test Pre: 0.8658, Test F1: 0.8401
[split 2] Epoch 260, Loss: 0.3902, Val Acc: 0.8125, Test Acc: 0.8039, Test Pre: 0.8527, Test F1: 0.7971
[split 2] Epoch 270, Loss: 0.3901, Val Acc: 0.8125, Test Acc: 0.8039, Test Pre: 0.8527, Test F1: 0.7971
[split 2] Epoch 280, Loss: 0.3900, Val Acc: 0.8125, Test Acc: 0.8039, Test Pre: 0.8527, Test F1: 0.7971
[split 2] Epoch 290, Loss: 0.3899, Val Acc: 0.8125, Test Acc: 0.8039, Test Pre: 0.8527, Test F1: 0.7971
[split 2] Epoch 300, Loss: 0.3899, Val Acc: 0.8125, Test Acc: 0.8039, Test Pre: 0.8527, Test F1: 0.7971
Best Test Metrics for split 2: {'accuracy': 0.8627450980392157, 'precision': 0.8392156958580017, 'f1': 0.8417164087295532}
params:  15623269
[split 3] Epoch 010, Loss: 0.7161, Val Acc: 0.7750, Test Acc: 0.7255, Test Pre: 0.6784, Test F1: 0.6775
[split 3] Epoch 020, Loss: 0.5187, Val Acc: 0.7875, Test Acc: 0.8431, Test Pre: 0.8299, Test F1: 0.8115
[split 3] Epoch 030, Loss: 0.4627, Val Acc: 0.8625, Test Acc: 0.8431, Test Pre: 0.8253, Test F1: 0.8235
[split 3] Epoch 040, Loss: 0.4302, Val Acc: 0.8375, Test Acc: 0.8627, Test Pre: 0.8425, Test F1: 0.8402
[split 3] Epoch 050, Loss: 0.4148, Val Acc: 0.8000, Test Acc: 0.8824, Test Pre: 0.8601, Test F1: 0.8604
[split 3] Epoch 060, Loss: 0.4072, Val Acc: 0.7875, Test Acc: 0.8627, Test Pre: 0.8487, Test F1: 0.8461
[split 3] Epoch 070, Loss: 0.4030, Val Acc: 0.7875, Test Acc: 0.8824, Test Pre: 0.8646, Test F1: 0.8646
[split 3] Epoch 080, Loss: 0.4004, Val Acc: 0.7875, Test Acc: 0.8824, Test Pre: 0.8646, Test F1: 0.8646
[split 3] Epoch 090, Loss: 0.3987, Val Acc: 0.7875, Test Acc: 0.8627, Test Pre: 0.8487, Test F1: 0.8461
[split 3] Epoch 100, Loss: 0.3974, Val Acc: 0.7875, Test Acc: 0.8824, Test Pre: 0.8646, Test F1: 0.8646
[split 3] Epoch 110, Loss: 0.3964, Val Acc: 0.7875, Test Acc: 0.8627, Test Pre: 0.8392, Test F1: 0.8444
[split 3] Epoch 120, Loss: 0.3955, Val Acc: 0.7875, Test Acc: 0.8627, Test Pre: 0.8392, Test F1: 0.8444
[split 3] Epoch 130, Loss: 0.3947, Val Acc: 0.7875, Test Acc: 0.8627, Test Pre: 0.8392, Test F1: 0.8444
[split 3] Epoch 140, Loss: 0.3940, Val Acc: 0.7750, Test Acc: 0.8627, Test Pre: 0.8392, Test F1: 0.8444
[split 3] Epoch 150, Loss: 0.3934, Val Acc: 0.7625, Test Acc: 0.8627, Test Pre: 0.8392, Test F1: 0.8444
[split 3] Epoch 160, Loss: 0.3928, Val Acc: 0.7750, Test Acc: 0.8431, Test Pre: 0.8252, Test F1: 0.8247
[split 3] Epoch 170, Loss: 0.3923, Val Acc: 0.7750, Test Acc: 0.8431, Test Pre: 0.8252, Test F1: 0.8247
[split 3] Epoch 180, Loss: 0.3919, Val Acc: 0.7750, Test Acc: 0.8431, Test Pre: 0.8252, Test F1: 0.8247
[split 3] Epoch 190, Loss: 0.3915, Val Acc: 0.7750, Test Acc: 0.8431, Test Pre: 0.8252, Test F1: 0.8247
[split 3] Epoch 200, Loss: 0.3911, Val Acc: 0.7750, Test Acc: 0.8431, Test Pre: 0.8252, Test F1: 0.8247
[split 3] Epoch 210, Loss: 0.3909, Val Acc: 0.7750, Test Acc: 0.8431, Test Pre: 0.8252, Test F1: 0.8247
[split 3] Epoch 220, Loss: 0.3906, Val Acc: 0.7750, Test Acc: 0.8431, Test Pre: 0.8252, Test F1: 0.8247
[split 3] Epoch 230, Loss: 0.3904, Val Acc: 0.7750, Test Acc: 0.8431, Test Pre: 0.8252, Test F1: 0.8247
[split 3] Epoch 240, Loss: 0.3903, Val Acc: 0.7750, Test Acc: 0.8431, Test Pre: 0.8252, Test F1: 0.8247
[split 3] Epoch 250, Loss: 0.3902, Val Acc: 0.7875, Test Acc: 0.8431, Test Pre: 0.8331, Test F1: 0.8260
[split 3] Epoch 260, Loss: 0.3901, Val Acc: 0.7875, Test Acc: 0.8431, Test Pre: 0.8331, Test F1: 0.8260
[split 3] Epoch 270, Loss: 0.3900, Val Acc: 0.7875, Test Acc: 0.8431, Test Pre: 0.8331, Test F1: 0.8260
[split 3] Epoch 280, Loss: 0.3899, Val Acc: 0.7750, Test Acc: 0.8431, Test Pre: 0.8331, Test F1: 0.8260
[split 3] Epoch 290, Loss: 0.3899, Val Acc: 0.7750, Test Acc: 0.8431, Test Pre: 0.8331, Test F1: 0.8260
[split 3] Epoch 300, Loss: 0.3898, Val Acc: 0.7750, Test Acc: 0.8431, Test Pre: 0.8331, Test F1: 0.8260
Best Test Metrics for split 3: {'accuracy': 0.8431372549019608, 'precision': 0.8528892993927002, 'f1': 0.8212825059890747}
params:  15623269
[split 4] Epoch 010, Loss: 0.7040, Val Acc: 0.7750, Test Acc: 0.6667, Test Pre: 0.6381, Test F1: 0.6249
[split 4] Epoch 020, Loss: 0.5039, Val Acc: 0.8000, Test Acc: 0.8431, Test Pre: 0.8686, Test F1: 0.8356
[split 4] Epoch 030, Loss: 0.4624, Val Acc: 0.8000, Test Acc: 0.8627, Test Pre: 0.8856, Test F1: 0.8643
[split 4] Epoch 040, Loss: 0.4313, Val Acc: 0.7875, Test Acc: 0.8431, Test Pre: 0.8763, Test F1: 0.8427
[split 4] Epoch 050, Loss: 0.4164, Val Acc: 0.7750, Test Acc: 0.8235, Test Pre: 0.8443, Test F1: 0.8156
[split 4] Epoch 060, Loss: 0.4080, Val Acc: 0.7750, Test Acc: 0.8627, Test Pre: 0.8660, Test F1: 0.8560
[split 4] Epoch 070, Loss: 0.4039, Val Acc: 0.7750, Test Acc: 0.8627, Test Pre: 0.8703, Test F1: 0.8542
[split 4] Epoch 080, Loss: 0.4014, Val Acc: 0.7750, Test Acc: 0.8627, Test Pre: 0.8703, Test F1: 0.8542
[split 4] Epoch 090, Loss: 0.3997, Val Acc: 0.7750, Test Acc: 0.8627, Test Pre: 0.8703, Test F1: 0.8542
[split 4] Epoch 100, Loss: 0.3985, Val Acc: 0.7750, Test Acc: 0.8431, Test Pre: 0.8591, Test F1: 0.8350
[split 4] Epoch 110, Loss: 0.3975, Val Acc: 0.7625, Test Acc: 0.8431, Test Pre: 0.8591, Test F1: 0.8350
[split 4] Epoch 120, Loss: 0.3967, Val Acc: 0.7750, Test Acc: 0.8431, Test Pre: 0.8591, Test F1: 0.8350
[split 4] Epoch 130, Loss: 0.3959, Val Acc: 0.7750, Test Acc: 0.8431, Test Pre: 0.8787, Test F1: 0.8389
[split 4] Epoch 140, Loss: 0.3952, Val Acc: 0.7750, Test Acc: 0.8431, Test Pre: 0.8787, Test F1: 0.8389
[split 4] Epoch 150, Loss: 0.3945, Val Acc: 0.7750, Test Acc: 0.8235, Test Pre: 0.8683, Test F1: 0.8194
[split 4] Epoch 160, Loss: 0.3939, Val Acc: 0.7750, Test Acc: 0.8235, Test Pre: 0.8683, Test F1: 0.8194
[split 4] Epoch 170, Loss: 0.3933, Val Acc: 0.7750, Test Acc: 0.8235, Test Pre: 0.8683, Test F1: 0.8194
[split 4] Epoch 180, Loss: 0.3928, Val Acc: 0.7750, Test Acc: 0.8235, Test Pre: 0.8683, Test F1: 0.8194
[split 4] Epoch 190, Loss: 0.3923, Val Acc: 0.7750, Test Acc: 0.8235, Test Pre: 0.8683, Test F1: 0.8194
[split 4] Epoch 200, Loss: 0.3918, Val Acc: 0.7750, Test Acc: 0.8235, Test Pre: 0.8683, Test F1: 0.8194
[split 4] Epoch 210, Loss: 0.3914, Val Acc: 0.7625, Test Acc: 0.8235, Test Pre: 0.8683, Test F1: 0.8194
[split 4] Epoch 220, Loss: 0.3911, Val Acc: 0.7625, Test Acc: 0.8235, Test Pre: 0.8683, Test F1: 0.8194
[split 4] Epoch 230, Loss: 0.3908, Val Acc: 0.7625, Test Acc: 0.8235, Test Pre: 0.8683, Test F1: 0.8194
[split 4] Epoch 240, Loss: 0.3906, Val Acc: 0.7625, Test Acc: 0.8235, Test Pre: 0.8683, Test F1: 0.8194
[split 4] Epoch 250, Loss: 0.3904, Val Acc: 0.7625, Test Acc: 0.8235, Test Pre: 0.8683, Test F1: 0.8194
[split 4] Epoch 260, Loss: 0.3902, Val Acc: 0.7625, Test Acc: 0.8235, Test Pre: 0.8683, Test F1: 0.8194
[split 4] Epoch 270, Loss: 0.3901, Val Acc: 0.7625, Test Acc: 0.8235, Test Pre: 0.8683, Test F1: 0.8194
[split 4] Epoch 280, Loss: 0.3900, Val Acc: 0.7625, Test Acc: 0.8235, Test Pre: 0.8683, Test F1: 0.8194
[split 4] Epoch 290, Loss: 0.3899, Val Acc: 0.7625, Test Acc: 0.8235, Test Pre: 0.8683, Test F1: 0.8194
[split 4] Epoch 300, Loss: 0.3899, Val Acc: 0.7625, Test Acc: 0.8039, Test Pre: 0.8553, Test F1: 0.7926
Best Test Metrics for split 4: {'accuracy': 0.8235294117647058, 'precision': 0.863171398639679, 'f1': 0.8113564848899841}
params:  15623269
[split 5] Epoch 010, Loss: 0.7270, Val Acc: 0.7750, Test Acc: 0.7451, Test Pre: 0.6765, Test F1: 0.6933
[split 5] Epoch 020, Loss: 0.5181, Val Acc: 0.8125, Test Acc: 0.8039, Test Pre: 0.7738, Test F1: 0.7699
[split 5] Epoch 030, Loss: 0.4603, Val Acc: 0.7625, Test Acc: 0.8431, Test Pre: 0.8999, Test F1: 0.8507
[split 5] Epoch 040, Loss: 0.4278, Val Acc: 0.7750, Test Acc: 0.8431, Test Pre: 0.8999, Test F1: 0.8507
[split 5] Epoch 050, Loss: 0.4145, Val Acc: 0.8125, Test Acc: 0.8235, Test Pre: 0.8860, Test F1: 0.8218
[split 5] Epoch 060, Loss: 0.4064, Val Acc: 0.8125, Test Acc: 0.8039, Test Pre: 0.8730, Test F1: 0.8007
[split 5] Epoch 070, Loss: 0.4024, Val Acc: 0.8000, Test Acc: 0.8039, Test Pre: 0.8730, Test F1: 0.8007
[split 5] Epoch 080, Loss: 0.3997, Val Acc: 0.7875, Test Acc: 0.8039, Test Pre: 0.8730, Test F1: 0.8007
[split 5] Epoch 090, Loss: 0.3979, Val Acc: 0.7875, Test Acc: 0.7843, Test Pre: 0.7684, Test F1: 0.7602
[split 5] Epoch 100, Loss: 0.3966, Val Acc: 0.7875, Test Acc: 0.8039, Test Pre: 0.7835, Test F1: 0.7811
[split 5] Epoch 110, Loss: 0.3956, Val Acc: 0.7875, Test Acc: 0.8039, Test Pre: 0.7655, Test F1: 0.7753
[split 5] Epoch 120, Loss: 0.3948, Val Acc: 0.8000, Test Acc: 0.8039, Test Pre: 0.7655, Test F1: 0.7753
[split 5] Epoch 130, Loss: 0.3941, Val Acc: 0.8000, Test Acc: 0.8039, Test Pre: 0.7696, Test F1: 0.7777
[split 5] Epoch 140, Loss: 0.3935, Val Acc: 0.8000, Test Acc: 0.8039, Test Pre: 0.7696, Test F1: 0.7777
[split 5] Epoch 150, Loss: 0.3930, Val Acc: 0.8000, Test Acc: 0.8039, Test Pre: 0.7696, Test F1: 0.7777
[split 5] Epoch 160, Loss: 0.3926, Val Acc: 0.8000, Test Acc: 0.8039, Test Pre: 0.7785, Test F1: 0.7818
[split 5] Epoch 170, Loss: 0.3922, Val Acc: 0.8000, Test Acc: 0.8039, Test Pre: 0.7785, Test F1: 0.7818
[split 5] Epoch 180, Loss: 0.3918, Val Acc: 0.8000, Test Acc: 0.8039, Test Pre: 0.7785, Test F1: 0.7818
[split 5] Epoch 190, Loss: 0.3915, Val Acc: 0.8000, Test Acc: 0.8039, Test Pre: 0.7785, Test F1: 0.7818
[split 5] Epoch 200, Loss: 0.3913, Val Acc: 0.7875, Test Acc: 0.8039, Test Pre: 0.7785, Test F1: 0.7818
[split 5] Epoch 210, Loss: 0.3910, Val Acc: 0.7875, Test Acc: 0.8039, Test Pre: 0.7785, Test F1: 0.7818
[split 5] Epoch 220, Loss: 0.3908, Val Acc: 0.7875, Test Acc: 0.8039, Test Pre: 0.7785, Test F1: 0.7818
[split 5] Epoch 230, Loss: 0.3907, Val Acc: 0.7875, Test Acc: 0.8039, Test Pre: 0.7827, Test F1: 0.7841
[split 5] Epoch 240, Loss: 0.3905, Val Acc: 0.7875, Test Acc: 0.8039, Test Pre: 0.7827, Test F1: 0.7841
[split 5] Epoch 250, Loss: 0.3904, Val Acc: 0.7875, Test Acc: 0.8039, Test Pre: 0.7827, Test F1: 0.7841
[split 5] Epoch 260, Loss: 0.3903, Val Acc: 0.7750, Test Acc: 0.8039, Test Pre: 0.7827, Test F1: 0.7841
[split 5] Epoch 270, Loss: 0.3902, Val Acc: 0.7750, Test Acc: 0.8039, Test Pre: 0.7827, Test F1: 0.7841
[split 5] Epoch 280, Loss: 0.3901, Val Acc: 0.7750, Test Acc: 0.8039, Test Pre: 0.7827, Test F1: 0.7841
[split 5] Epoch 290, Loss: 0.3901, Val Acc: 0.7750, Test Acc: 0.8039, Test Pre: 0.7827, Test F1: 0.7841
[split 5] Epoch 300, Loss: 0.3900, Val Acc: 0.7750, Test Acc: 0.8039, Test Pre: 0.7827, Test F1: 0.7841
Best Test Metrics for split 5: {'accuracy': 0.8431372549019608, 'precision': 0.8876634240150452, 'f1': 0.8361067175865173}
params:  15623269
[split 6] Epoch 010, Loss: 0.7105, Val Acc: 0.7625, Test Acc: 0.7843, Test Pre: 0.7292, Test F1: 0.7374
[split 6] Epoch 020, Loss: 0.4981, Val Acc: 0.8125, Test Acc: 0.8431, Test Pre: 0.8431, Test F1: 0.8203
[split 6] Epoch 030, Loss: 0.4545, Val Acc: 0.8625, Test Acc: 0.8627, Test Pre: 0.8937, Test F1: 0.8537
[split 6] Epoch 040, Loss: 0.4252, Val Acc: 0.8125, Test Acc: 0.8235, Test Pre: 0.8324, Test F1: 0.7986
[split 6] Epoch 050, Loss: 0.4115, Val Acc: 0.7875, Test Acc: 0.8039, Test Pre: 0.7462, Test F1: 0.7609
[split 6] Epoch 060, Loss: 0.4026, Val Acc: 0.8000, Test Acc: 0.8235, Test Pre: 0.8324, Test F1: 0.7986
[split 6] Epoch 070, Loss: 0.3982, Val Acc: 0.8000, Test Acc: 0.8235, Test Pre: 0.8324, Test F1: 0.7986
[split 6] Epoch 080, Loss: 0.3952, Val Acc: 0.8000, Test Acc: 0.8235, Test Pre: 0.8324, Test F1: 0.7986
[split 6] Epoch 090, Loss: 0.3934, Val Acc: 0.7875, Test Acc: 0.8235, Test Pre: 0.8324, Test F1: 0.7986
[split 6] Epoch 100, Loss: 0.3923, Val Acc: 0.7875, Test Acc: 0.8235, Test Pre: 0.8324, Test F1: 0.7986
[split 6] Epoch 110, Loss: 0.3916, Val Acc: 0.8000, Test Acc: 0.8039, Test Pre: 0.8284, Test F1: 0.7889
[split 6] Epoch 120, Loss: 0.3911, Val Acc: 0.8000, Test Acc: 0.8039, Test Pre: 0.8284, Test F1: 0.7889
[split 6] Epoch 130, Loss: 0.3907, Val Acc: 0.8000, Test Acc: 0.8039, Test Pre: 0.8284, Test F1: 0.7889
[split 6] Epoch 140, Loss: 0.3905, Val Acc: 0.8000, Test Acc: 0.8039, Test Pre: 0.8284, Test F1: 0.7889
[split 6] Epoch 150, Loss: 0.3903, Val Acc: 0.8000, Test Acc: 0.8039, Test Pre: 0.8284, Test F1: 0.7889
[split 6] Epoch 160, Loss: 0.3902, Val Acc: 0.8000, Test Acc: 0.8039, Test Pre: 0.8284, Test F1: 0.7889
[split 6] Epoch 170, Loss: 0.3901, Val Acc: 0.8000, Test Acc: 0.8039, Test Pre: 0.8284, Test F1: 0.7889
[split 6] Epoch 180, Loss: 0.3900, Val Acc: 0.8000, Test Acc: 0.8039, Test Pre: 0.8284, Test F1: 0.7889
[split 6] Epoch 190, Loss: 0.3899, Val Acc: 0.8000, Test Acc: 0.8039, Test Pre: 0.8284, Test F1: 0.7889
[split 6] Epoch 200, Loss: 0.3899, Val Acc: 0.8000, Test Acc: 0.8039, Test Pre: 0.8284, Test F1: 0.7889
[split 6] Epoch 210, Loss: 0.3899, Val Acc: 0.8000, Test Acc: 0.8235, Test Pre: 0.8590, Test F1: 0.8155
[split 6] Epoch 220, Loss: 0.3898, Val Acc: 0.7875, Test Acc: 0.8235, Test Pre: 0.8590, Test F1: 0.8155
[split 6] Epoch 230, Loss: 0.3898, Val Acc: 0.7875, Test Acc: 0.8235, Test Pre: 0.8590, Test F1: 0.8155
[split 6] Epoch 240, Loss: 0.3898, Val Acc: 0.7875, Test Acc: 0.8235, Test Pre: 0.8590, Test F1: 0.8155
[split 6] Epoch 250, Loss: 0.3898, Val Acc: 0.7875, Test Acc: 0.8235, Test Pre: 0.8590, Test F1: 0.8155
[split 6] Epoch 260, Loss: 0.3898, Val Acc: 0.7875, Test Acc: 0.8235, Test Pre: 0.8590, Test F1: 0.8155
[split 6] Epoch 270, Loss: 0.3898, Val Acc: 0.7875, Test Acc: 0.8235, Test Pre: 0.8590, Test F1: 0.8155
[split 6] Epoch 280, Loss: 0.3897, Val Acc: 0.7875, Test Acc: 0.8235, Test Pre: 0.8590, Test F1: 0.8155
[split 6] Epoch 290, Loss: 0.3897, Val Acc: 0.7875, Test Acc: 0.8235, Test Pre: 0.8590, Test F1: 0.8155
[split 6] Epoch 300, Loss: 0.3897, Val Acc: 0.7875, Test Acc: 0.8235, Test Pre: 0.8590, Test F1: 0.8155
Best Test Metrics for split 6: {'accuracy': 0.8627450980392157, 'precision': 0.8937381505966187, 'f1': 0.8537391424179077}
params:  15623269
[split 7] Epoch 010, Loss: 0.7577, Val Acc: 0.7875, Test Acc: 0.6667, Test Pre: 0.5901, Test F1: 0.5895
[split 7] Epoch 020, Loss: 0.5370, Val Acc: 0.8750, Test Acc: 0.8039, Test Pre: 0.7951, Test F1: 0.7717
[split 7] Epoch 030, Loss: 0.4677, Val Acc: 0.8625, Test Acc: 0.8431, Test Pre: 0.8762, Test F1: 0.8332
[split 7] Epoch 040, Loss: 0.4311, Val Acc: 0.8625, Test Acc: 0.7843, Test Pre: 0.8309, Test F1: 0.7674
[split 7] Epoch 050, Loss: 0.4112, Val Acc: 0.8625, Test Acc: 0.7647, Test Pre: 0.7622, Test F1: 0.7312
[split 7] Epoch 060, Loss: 0.4025, Val Acc: 0.8625, Test Acc: 0.7255, Test Pre: 0.7369, Test F1: 0.6871
[split 7] Epoch 070, Loss: 0.3976, Val Acc: 0.8625, Test Acc: 0.7647, Test Pre: 0.7622, Test F1: 0.7312
[split 7] Epoch 080, Loss: 0.3949, Val Acc: 0.8625, Test Acc: 0.7255, Test Pre: 0.7369, Test F1: 0.6871
[split 7] Epoch 090, Loss: 0.3933, Val Acc: 0.8500, Test Acc: 0.7255, Test Pre: 0.7369, Test F1: 0.6871
[split 7] Epoch 100, Loss: 0.3923, Val Acc: 0.8500, Test Acc: 0.7255, Test Pre: 0.7369, Test F1: 0.6871
[split 7] Epoch 110, Loss: 0.3916, Val Acc: 0.8500, Test Acc: 0.7255, Test Pre: 0.7369, Test F1: 0.6871
[split 7] Epoch 120, Loss: 0.3912, Val Acc: 0.8500, Test Acc: 0.7255, Test Pre: 0.7369, Test F1: 0.6871
[split 7] Epoch 130, Loss: 0.3908, Val Acc: 0.8625, Test Acc: 0.7255, Test Pre: 0.7369, Test F1: 0.6871
[split 7] Epoch 140, Loss: 0.3906, Val Acc: 0.8625, Test Acc: 0.7255, Test Pre: 0.7369, Test F1: 0.6871
[split 7] Epoch 150, Loss: 0.3904, Val Acc: 0.8625, Test Acc: 0.7255, Test Pre: 0.7369, Test F1: 0.6871
[split 7] Epoch 160, Loss: 0.3902, Val Acc: 0.8625, Test Acc: 0.7255, Test Pre: 0.7369, Test F1: 0.6871
[split 7] Epoch 170, Loss: 0.3901, Val Acc: 0.8625, Test Acc: 0.7059, Test Pre: 0.7235, Test F1: 0.6631
[split 7] Epoch 180, Loss: 0.3900, Val Acc: 0.8500, Test Acc: 0.7059, Test Pre: 0.7235, Test F1: 0.6631
[split 7] Epoch 190, Loss: 0.3900, Val Acc: 0.8500, Test Acc: 0.7255, Test Pre: 0.7908, Test F1: 0.6987
[split 7] Epoch 200, Loss: 0.3899, Val Acc: 0.8500, Test Acc: 0.7255, Test Pre: 0.7908, Test F1: 0.6987
[split 7] Epoch 210, Loss: 0.3899, Val Acc: 0.8500, Test Acc: 0.7255, Test Pre: 0.7908, Test F1: 0.6987
[split 7] Epoch 220, Loss: 0.3898, Val Acc: 0.8500, Test Acc: 0.7255, Test Pre: 0.7908, Test F1: 0.6987
[split 7] Epoch 230, Loss: 0.3898, Val Acc: 0.8500, Test Acc: 0.7255, Test Pre: 0.7908, Test F1: 0.6987
[split 7] Epoch 240, Loss: 0.3898, Val Acc: 0.8500, Test Acc: 0.7255, Test Pre: 0.7908, Test F1: 0.6987
[split 7] Epoch 250, Loss: 0.3898, Val Acc: 0.8500, Test Acc: 0.7255, Test Pre: 0.7908, Test F1: 0.6987
[split 7] Epoch 260, Loss: 0.3898, Val Acc: 0.8500, Test Acc: 0.7255, Test Pre: 0.7908, Test F1: 0.6987
[split 7] Epoch 270, Loss: 0.3897, Val Acc: 0.8500, Test Acc: 0.7255, Test Pre: 0.7908, Test F1: 0.6987
[split 7] Epoch 280, Loss: 0.3897, Val Acc: 0.8500, Test Acc: 0.7255, Test Pre: 0.7908, Test F1: 0.6987
[split 7] Epoch 290, Loss: 0.3897, Val Acc: 0.8500, Test Acc: 0.7255, Test Pre: 0.7908, Test F1: 0.6987
[split 7] Epoch 300, Loss: 0.3897, Val Acc: 0.8500, Test Acc: 0.7059, Test Pre: 0.7059, Test F1: 0.6618
Best Test Metrics for split 7: {'accuracy': 0.7843137254901961, 'precision': 0.7838780283927917, 'f1': 0.749225378036499}
params:  15623269
[split 8] Epoch 010, Loss: 0.7118, Val Acc: 0.7000, Test Acc: 0.7255, Test Pre: 0.7124, Test F1: 0.6824
[split 8] Epoch 020, Loss: 0.4952, Val Acc: 0.8125, Test Acc: 0.8431, Test Pre: 0.8640, Test F1: 0.8302
[split 8] Epoch 030, Loss: 0.4510, Val Acc: 0.8750, Test Acc: 0.8235, Test Pre: 0.8350, Test F1: 0.8210
[split 8] Epoch 040, Loss: 0.4258, Val Acc: 0.8500, Test Acc: 0.8039, Test Pre: 0.8032, Test F1: 0.7948
[split 8] Epoch 050, Loss: 0.4118, Val Acc: 0.8125, Test Acc: 0.7647, Test Pre: 0.7777, Test F1: 0.7454
[split 8] Epoch 060, Loss: 0.4055, Val Acc: 0.8250, Test Acc: 0.7647, Test Pre: 0.7777, Test F1: 0.7454
[split 8] Epoch 070, Loss: 0.4017, Val Acc: 0.8250, Test Acc: 0.7843, Test Pre: 0.8133, Test F1: 0.7740
[split 8] Epoch 080, Loss: 0.3992, Val Acc: 0.8125, Test Acc: 0.7647, Test Pre: 0.7737, Test F1: 0.7528
[split 8] Epoch 090, Loss: 0.3975, Val Acc: 0.8125, Test Acc: 0.7647, Test Pre: 0.7737, Test F1: 0.7528
[split 8] Epoch 100, Loss: 0.3962, Val Acc: 0.8125, Test Acc: 0.7647, Test Pre: 0.7737, Test F1: 0.7528
[split 8] Epoch 110, Loss: 0.3952, Val Acc: 0.8125, Test Acc: 0.7647, Test Pre: 0.7737, Test F1: 0.7528
[split 8] Epoch 120, Loss: 0.3944, Val Acc: 0.8125, Test Acc: 0.7647, Test Pre: 0.7737, Test F1: 0.7528
[split 8] Epoch 130, Loss: 0.3937, Val Acc: 0.8125, Test Acc: 0.7647, Test Pre: 0.7737, Test F1: 0.7528
[split 8] Epoch 140, Loss: 0.3932, Val Acc: 0.8125, Test Acc: 0.7647, Test Pre: 0.7737, Test F1: 0.7540
[split 8] Epoch 150, Loss: 0.3927, Val Acc: 0.8125, Test Acc: 0.7647, Test Pre: 0.7737, Test F1: 0.7540
[split 8] Epoch 160, Loss: 0.3922, Val Acc: 0.8000, Test Acc: 0.7843, Test Pre: 0.7911, Test F1: 0.7748
[split 8] Epoch 170, Loss: 0.3919, Val Acc: 0.8000, Test Acc: 0.7647, Test Pre: 0.7749, Test F1: 0.7578
[split 8] Epoch 180, Loss: 0.3916, Val Acc: 0.8000, Test Acc: 0.7647, Test Pre: 0.7749, Test F1: 0.7578
[split 8] Epoch 190, Loss: 0.3913, Val Acc: 0.8000, Test Acc: 0.7647, Test Pre: 0.7749, Test F1: 0.7578
[split 8] Epoch 200, Loss: 0.3910, Val Acc: 0.8000, Test Acc: 0.7647, Test Pre: 0.7749, Test F1: 0.7578
[split 8] Epoch 210, Loss: 0.3908, Val Acc: 0.8000, Test Acc: 0.7647, Test Pre: 0.7749, Test F1: 0.7578
[split 8] Epoch 220, Loss: 0.3906, Val Acc: 0.8000, Test Acc: 0.7647, Test Pre: 0.7749, Test F1: 0.7578
[split 8] Epoch 230, Loss: 0.3905, Val Acc: 0.8000, Test Acc: 0.7647, Test Pre: 0.7749, Test F1: 0.7578
[split 8] Epoch 240, Loss: 0.3904, Val Acc: 0.8000, Test Acc: 0.7647, Test Pre: 0.7749, Test F1: 0.7578
[split 8] Epoch 250, Loss: 0.3902, Val Acc: 0.8000, Test Acc: 0.7647, Test Pre: 0.7749, Test F1: 0.7578
[split 8] Epoch 260, Loss: 0.3902, Val Acc: 0.8000, Test Acc: 0.7647, Test Pre: 0.7749, Test F1: 0.7578
[split 8] Epoch 270, Loss: 0.3901, Val Acc: 0.8000, Test Acc: 0.7647, Test Pre: 0.7749, Test F1: 0.7578
[split 8] Epoch 280, Loss: 0.3900, Val Acc: 0.8000, Test Acc: 0.7647, Test Pre: 0.7749, Test F1: 0.7578
[split 8] Epoch 290, Loss: 0.3900, Val Acc: 0.8000, Test Acc: 0.7451, Test Pre: 0.7671, Test F1: 0.7364
[split 8] Epoch 300, Loss: 0.3899, Val Acc: 0.8000, Test Acc: 0.7451, Test Pre: 0.7671, Test F1: 0.7364
Best Test Metrics for split 8: {'accuracy': 0.8627450980392157, 'precision': 0.8947712182998657, 'f1': 0.8570852279663086}
params:  15623269
[split 9] Epoch 010, Loss: 0.7197, Val Acc: 0.7375, Test Acc: 0.8039, Test Pre: 0.7317, Test F1: 0.7532
[split 9] Epoch 020, Loss: 0.4798, Val Acc: 0.7875, Test Acc: 0.9020, Test Pre: 0.8999, Test F1: 0.8920
[split 9] Epoch 030, Loss: 0.4331, Val Acc: 0.8500, Test Acc: 0.9216, Test Pre: 0.9136, Test F1: 0.9102
[split 9] Epoch 040, Loss: 0.4126, Val Acc: 0.8625, Test Acc: 0.9216, Test Pre: 0.9136, Test F1: 0.9102
[split 9] Epoch 050, Loss: 0.4008, Val Acc: 0.8500, Test Acc: 0.9216, Test Pre: 0.9136, Test F1: 0.9102
[split 9] Epoch 060, Loss: 0.3959, Val Acc: 0.8125, Test Acc: 0.8824, Test Pre: 0.8770, Test F1: 0.8682
[split 9] Epoch 070, Loss: 0.3935, Val Acc: 0.8125, Test Acc: 0.8627, Test Pre: 0.8642, Test F1: 0.8496
[split 9] Epoch 080, Loss: 0.3922, Val Acc: 0.8000, Test Acc: 0.8627, Test Pre: 0.8642, Test F1: 0.8496
[split 9] Epoch 090, Loss: 0.3914, Val Acc: 0.7875, Test Acc: 0.8431, Test Pre: 0.8523, Test F1: 0.8306
[split 9] Epoch 100, Loss: 0.3909, Val Acc: 0.7875, Test Acc: 0.8431, Test Pre: 0.8523, Test F1: 0.8306
[split 9] Epoch 110, Loss: 0.3906, Val Acc: 0.7875, Test Acc: 0.8431, Test Pre: 0.8523, Test F1: 0.8306
[split 9] Epoch 120, Loss: 0.3903, Val Acc: 0.7875, Test Acc: 0.8431, Test Pre: 0.8523, Test F1: 0.8306
[split 9] Epoch 130, Loss: 0.3902, Val Acc: 0.7875, Test Acc: 0.8431, Test Pre: 0.8523, Test F1: 0.8306
[split 9] Epoch 140, Loss: 0.3901, Val Acc: 0.7750, Test Acc: 0.8431, Test Pre: 0.8523, Test F1: 0.8306
[split 9] Epoch 150, Loss: 0.3900, Val Acc: 0.7875, Test Acc: 0.8431, Test Pre: 0.8523, Test F1: 0.8306
[split 9] Epoch 160, Loss: 0.3899, Val Acc: 0.7875, Test Acc: 0.8431, Test Pre: 0.8523, Test F1: 0.8306
[split 9] Epoch 170, Loss: 0.3899, Val Acc: 0.7875, Test Acc: 0.8431, Test Pre: 0.8523, Test F1: 0.8306
[split 9] Epoch 180, Loss: 0.3898, Val Acc: 0.7875, Test Acc: 0.8431, Test Pre: 0.8523, Test F1: 0.8306
[split 9] Epoch 190, Loss: 0.3898, Val Acc: 0.7875, Test Acc: 0.8431, Test Pre: 0.8523, Test F1: 0.8306
[split 9] Epoch 200, Loss: 0.3898, Val Acc: 0.7875, Test Acc: 0.8431, Test Pre: 0.8523, Test F1: 0.8306
[split 9] Epoch 210, Loss: 0.3898, Val Acc: 0.7875, Test Acc: 0.8431, Test Pre: 0.8523, Test F1: 0.8306
[split 9] Epoch 220, Loss: 0.3897, Val Acc: 0.7875, Test Acc: 0.8431, Test Pre: 0.8523, Test F1: 0.8306
[split 9] Epoch 230, Loss: 0.3897, Val Acc: 0.7875, Test Acc: 0.8431, Test Pre: 0.8523, Test F1: 0.8306
[split 9] Epoch 240, Loss: 0.3897, Val Acc: 0.7875, Test Acc: 0.8431, Test Pre: 0.8523, Test F1: 0.8306
[split 9] Epoch 250, Loss: 0.3897, Val Acc: 0.7875, Test Acc: 0.8431, Test Pre: 0.8523, Test F1: 0.8306
[split 9] Epoch 260, Loss: 0.3897, Val Acc: 0.7875, Test Acc: 0.8431, Test Pre: 0.8523, Test F1: 0.8306
[split 9] Epoch 270, Loss: 0.3897, Val Acc: 0.7875, Test Acc: 0.8431, Test Pre: 0.8523, Test F1: 0.8306
[split 9] Epoch 280, Loss: 0.3897, Val Acc: 0.7875, Test Acc: 0.8431, Test Pre: 0.8523, Test F1: 0.8306
[split 9] Epoch 290, Loss: 0.3897, Val Acc: 0.7875, Test Acc: 0.8431, Test Pre: 0.8523, Test F1: 0.8306
[split 9] Epoch 300, Loss: 0.3897, Val Acc: 0.7875, Test Acc: 0.8431, Test Pre: 0.8523, Test F1: 0.8306
Best Test Metrics for split 9: {'accuracy': 0.9215686274509803, 'precision': 0.9135802388191223, 'f1': 0.9102334380149841}
Accuracy - Mean: 0.8451, Std: 0.0387
Precision - Mean: 0.8520, Std: 0.0480
F1 - Mean: 0.8292, Std: 0.0441
